2022-03-14 17:17:11.360  INFO 51905 --- [main] i.a.s.a.service.service.UserServiceTest  : Starting UserServiceTest using Java 17.0.1 on kali with PID 51905 (started by alireza in /home/alireza/Documents/workSpace/company/company-limondev/projects/Security Projects/Spring Security Authorization Service)
2022-03-14 17:17:11.363  INFO 51905 --- [main] i.a.s.a.service.service.UserServiceTest  : The following 3 profiles are active: "postgres", "mail", "app"
2022-03-14 17:17:13.170  INFO 51905 --- [main] .s.d.r.c.RepositoryConfigurationDelegate : Bootstrapping Spring Data JPA repositories in DEFAULT mode.
2022-03-14 17:17:13.290  INFO 51905 --- [main] .s.d.r.c.RepositoryConfigurationDelegate : Finished Spring Data repository scanning in 110 ms. Found 4 JPA repository interfaces.
2022-03-14 17:17:13.761  INFO 51905 --- [main] ptablePropertiesBeanFactoryPostProcessor : Post-processing PropertySource instances
2022-03-14 17:17:13.763  INFO 51905 --- [main] c.u.j.EncryptablePropertySourceConverter : Skipping PropertySource configurationProperties [class org.springframework.boot.context.properties.source.ConfigurationPropertySourcesPropertySource
2022-03-14 17:17:13.766  INFO 51905 --- [main] c.u.j.EncryptablePropertySourceConverter : Converting PropertySource test [org.springframework.core.env.MapPropertySource] to EncryptableMapPropertySourceWrapper
2022-03-14 17:17:13.766  INFO 51905 --- [main] c.u.j.EncryptablePropertySourceConverter : Converting PropertySource Inlined Test Properties [org.springframework.core.env.MapPropertySource] to EncryptableMapPropertySourceWrapper
2022-03-14 17:17:13.766  INFO 51905 --- [main] c.u.j.EncryptablePropertySourceConverter : Skipping PropertySource servletConfigInitParams [class org.springframework.core.env.PropertySource$StubPropertySource
2022-03-14 17:17:13.767  INFO 51905 --- [main] c.u.j.EncryptablePropertySourceConverter : Converting PropertySource servletContextInitParams [org.springframework.web.context.support.ServletContextPropertySource] to EncryptableEnumerablePropertySourceWrapper
2022-03-14 17:17:13.767  INFO 51905 --- [main] c.u.j.EncryptablePropertySourceConverter : Converting PropertySource systemProperties [org.springframework.core.env.PropertiesPropertySource] to EncryptableMapPropertySourceWrapper
2022-03-14 17:17:13.767  INFO 51905 --- [main] c.u.j.EncryptablePropertySourceConverter : Converting PropertySource systemEnvironment [org.springframework.boot.env.SystemEnvironmentPropertySourceEnvironmentPostProcessor$OriginAwareSystemEnvironmentPropertySource] to EncryptableSystemEnvironmentPropertySourceWrapper
2022-03-14 17:17:13.768  INFO 51905 --- [main] c.u.j.EncryptablePropertySourceConverter : Converting PropertySource random [org.springframework.boot.env.RandomValuePropertySource] to EncryptablePropertySourceWrapper
2022-03-14 17:17:13.768  INFO 51905 --- [main] c.u.j.EncryptablePropertySourceConverter : Converting PropertySource Config resource 'class path resource [application-app.yml]' via location 'optional:classpath:/' [org.springframework.boot.env.OriginTrackedMapPropertySource] to EncryptableMapPropertySourceWrapper
2022-03-14 17:17:13.771  INFO 51905 --- [main] c.u.j.EncryptablePropertySourceConverter : Converting PropertySource Config resource 'class path resource [application-mail.yml]' via location 'optional:classpath:/' [org.springframework.boot.env.OriginTrackedMapPropertySource] to EncryptableMapPropertySourceWrapper
2022-03-14 17:17:13.773  INFO 51905 --- [main] c.u.j.EncryptablePropertySourceConverter : Converting PropertySource Config resource 'class path resource [application-postgres.yml]' via location 'optional:classpath:/' [org.springframework.boot.env.OriginTrackedMapPropertySource] to EncryptableMapPropertySourceWrapper
2022-03-14 17:17:13.774  INFO 51905 --- [main] c.u.j.EncryptablePropertySourceConverter : Converting PropertySource Config resource 'class path resource [application.yml]' via location 'optional:classpath:/' [org.springframework.boot.env.OriginTrackedMapPropertySource] to EncryptableMapPropertySourceWrapper
2022-03-14 17:17:14.341  INFO 51905 --- [main] c.u.j.filter.DefaultLazyPropertyFilter   : Property Filter custom Bean not found with name 'encryptablePropertyFilter'. Initializing Default Property Filter
2022-03-14 17:17:14.371  INFO 51905 --- [main] c.u.j.r.DefaultLazyPropertyResolver      : Property Resolver custom Bean not found with name 'encryptablePropertyResolver'. Initializing Default Property Resolver
2022-03-14 17:17:14.378  INFO 51905 --- [main] c.u.j.d.DefaultLazyPropertyDetector      : Property Detector custom Bean not found with name 'encryptablePropertyDetector'. Initializing Default Property Detector
2022-03-14 17:17:14.733  INFO 51905 --- [main] o.hibernate.jpa.internal.util.LogHelper  : HHH000204: Processing PersistenceUnitInfo [name: default]
2022-03-14 17:17:14.823  INFO 51905 --- [main] org.hibernate.Version                    : HHH000412: Hibernate ORM core version 5.6.5.Final
2022-03-14 17:17:15.094  INFO 51905 --- [main] o.hibernate.annotations.common.Version   : HCANN000001: Hibernate Commons Annotations {5.1.2.Final}
2022-03-14 17:17:15.225  INFO 51905 --- [main] com.zaxxer.hikari.HikariDataSource       : HikariPool-1 - Starting...
2022-03-14 17:17:15.697  INFO 51905 --- [main] com.zaxxer.hikari.HikariDataSource       : HikariPool-1 - Start completed.
2022-03-14 17:17:15.728  INFO 51905 --- [main] org.hibernate.dialect.Dialect            : HHH000400: Using dialect: org.hibernate.dialect.PostgreSQL9Dialect
2022-03-14 17:17:16.933  INFO 51905 --- [main] o.h.e.t.j.p.i.JtaPlatformInitiator       : HHH000490: Using JtaPlatform implementation: [org.hibernate.engine.transaction.jta.platform.internal.NoJtaPlatform]
2022-03-14 17:17:16.944  INFO 51905 --- [main] j.LocalContainerEntityManagerFactoryBean : Initialized JPA EntityManagerFactory for persistence unit 'default'
2022-03-14 17:17:17.181  INFO 51905 --- [main] c.u.j.encryptor.DefaultLazyEncryptor     : String Encryptor custom Bean not found with name 'jasyptStringEncryptor'. Initializing Default String Encryptor
2022-03-14 17:17:17.195  INFO 51905 --- [main] c.u.j.c.StringEncryptorBuilder           : Encryptor config not found for property jasypt.encryptor.algorithm, using default value: PBEWITHHMACSHA512ANDAES_256
2022-03-14 17:17:17.196  INFO 51905 --- [main] c.u.j.c.StringEncryptorBuilder           : Encryptor config not found for property jasypt.encryptor.key-obtention-iterations, using default value: 1000
2022-03-14 17:17:17.197  INFO 51905 --- [main] c.u.j.c.StringEncryptorBuilder           : Encryptor config not found for property jasypt.encryptor.provider-name, using default value: null
2022-03-14 17:17:17.198  INFO 51905 --- [main] c.u.j.c.StringEncryptorBuilder           : Encryptor config not found for property jasypt.encryptor.provider-class-name, using default value: null
2022-03-14 17:17:17.201  INFO 51905 --- [main] c.u.j.c.StringEncryptorBuilder           : Encryptor config not found for property jasypt.encryptor.salt-generator-classname, using default value: org.jasypt.salt.RandomSaltGenerator
2022-03-14 17:17:17.203  INFO 51905 --- [main] c.u.j.c.StringEncryptorBuilder           : Encryptor config not found for property jasypt.encryptor.iv-generator-classname, using default value: org.jasypt.iv.RandomIvGenerator
2022-03-14 17:17:17.204  INFO 51905 --- [main] c.u.j.c.StringEncryptorBuilder           : Encryptor config not found for property jasypt.encryptor.string-output-type, using default value: base64
2022-03-14 17:17:19.469  INFO 51905 --- [main] o.s.s.web.DefaultSecurityFilterChain     : Will not secure any request
2022-03-14 17:17:20.936  INFO 51905 --- [main] o.s.b.a.e.web.EndpointLinksResolver      : Exposing 1 endpoint(s) beneath base path '/actuator'
2022-03-14 17:17:21.015  INFO 51905 --- [main] i.a.s.a.service.service.UserServiceTest  : Started UserServiceTest in 10.248 seconds (JVM running for 11.681)
2022-03-14 17:17:21.101  INFO 51905 --- [main] s.a.s.i.ApplicationStartupInitializerDev : application startup at Dev mode
2022-03-14 17:17:22.128  INFO 51905 --- [main] .b.t.c.SpringBootTestContextBootstrapper : Neither @ContextConfiguration nor @ContextHierarchy found for test class [ir.alirezaalijani.security.authorization.service.SpringSecurityAuthorizationServiceApplicationTests], using SpringBootContextLoader
2022-03-14 17:17:22.129  INFO 51905 --- [main] o.s.t.c.support.AbstractContextLoader    : Could not detect default resource locations for test class [ir.alirezaalijani.security.authorization.service.SpringSecurityAuthorizationServiceApplicationTests]: no resource found for suffixes {-context.xml, Context.groovy}.
2022-03-14 17:17:22.129  INFO 51905 --- [main] t.c.s.AnnotationConfigContextLoaderUtils : Could not detect default configuration classes for test class [ir.alirezaalijani.security.authorization.service.SpringSecurityAuthorizationServiceApplicationTests]: SpringSecurityAuthorizationServiceApplicationTests does not declare any static, non-private, non-final, nested classes annotated with @Configuration.
2022-03-14 17:17:22.133  INFO 51905 --- [main] .b.t.c.SpringBootTestContextBootstrapper : Found @SpringBootConfiguration ir.alirezaalijani.security.authorization.service.AuthorizationServiceApplication for test class ir.alirezaalijani.security.authorization.service.SpringSecurityAuthorizationServiceApplicationTests
2022-03-14 17:17:22.135  INFO 51905 --- [main] .b.t.c.SpringBootTestContextBootstrapper : Loaded default TestExecutionListener class names from location [META-INF/spring.factories]: [org.springframework.boot.test.mock.mockito.MockitoTestExecutionListener, org.springframework.boot.test.mock.mockito.ResetMocksTestExecutionListener, org.springframework.boot.test.autoconfigure.restdocs.RestDocsTestExecutionListener, org.springframework.boot.test.autoconfigure.web.client.MockRestServiceServerResetTestExecutionListener, org.springframework.boot.test.autoconfigure.web.servlet.MockMvcPrintOnlyOnFailureTestExecutionListener, org.springframework.boot.test.autoconfigure.web.servlet.WebDriverTestExecutionListener, org.springframework.boot.test.autoconfigure.webservices.client.MockWebServiceServerTestExecutionListener, org.springframework.test.context.web.ServletTestExecutionListener, org.springframework.test.context.support.DirtiesContextBeforeModesTestExecutionListener, org.springframework.test.context.event.ApplicationEventsTestExecutionListener, org.springframework.test.context.support.DependencyInjectionTestExecutionListener, org.springframework.test.context.support.DirtiesContextTestExecutionListener, org.springframework.test.context.transaction.TransactionalTestExecutionListener, org.springframework.test.context.jdbc.SqlScriptsTestExecutionListener, org.springframework.test.context.event.EventPublishingTestExecutionListener, org.springframework.security.test.context.support.WithSecurityContextTestExecutionListener, org.springframework.security.test.context.support.ReactorContextTestExecutionListener]
2022-03-14 17:17:22.136  INFO 51905 --- [main] .b.t.c.SpringBootTestContextBootstrapper : Using TestExecutionListeners: [org.springframework.test.context.web.ServletTestExecutionListener@71c1e70f, org.springframework.test.context.support.DirtiesContextBeforeModesTestExecutionListener@1469015e, org.springframework.test.context.event.ApplicationEventsTestExecutionListener@581da9e6, org.springframework.boot.test.mock.mockito.MockitoTestExecutionListener@1c11a496, org.springframework.boot.test.autoconfigure.SpringBootDependencyInjectionTestExecutionListener@6296c184, org.springframework.test.context.support.DirtiesContextTestExecutionListener@3ea95f79, org.springframework.test.context.transaction.TransactionalTestExecutionListener@bce93d3, org.springframework.test.context.jdbc.SqlScriptsTestExecutionListener@1a6ab328, org.springframework.test.context.event.EventPublishingTestExecutionListener@4e24db00, org.springframework.security.test.context.support.WithSecurityContextTestExecutionListener@3a02172a, org.springframework.security.test.context.support.ReactorContextTestExecutionListener@452d4bb2, org.springframework.boot.test.mock.mockito.ResetMocksTestExecutionListener@a1143cc, org.springframework.boot.test.autoconfigure.restdocs.RestDocsTestExecutionListener@62857555, org.springframework.boot.test.autoconfigure.web.client.MockRestServiceServerResetTestExecutionListener@48149568, org.springframework.boot.test.autoconfigure.web.servlet.MockMvcPrintOnlyOnFailureTestExecutionListener@674b2703, org.springframework.boot.test.autoconfigure.web.servlet.WebDriverTestExecutionListener@67441705, org.springframework.boot.test.autoconfigure.webservices.client.MockWebServiceServerTestExecutionListener@2ea2f965]
2022-03-14 17:17:22.204  INFO 51905 --- [SpringApplicationShutdownHook] j.LocalContainerEntityManagerFactoryBean : Closing JPA EntityManagerFactory for persistence unit 'default'
2022-03-14 17:17:22.207  INFO 51905 --- [SpringApplicationShutdownHook] com.zaxxer.hikari.HikariDataSource       : HikariPool-1 - Shutdown initiated...
2022-03-14 17:17:22.238  INFO 51905 --- [SpringApplicationShutdownHook] com.zaxxer.hikari.HikariDataSource       : HikariPool-1 - Shutdown completed.
2022-03-14 17:18:09.177  INFO 52109 --- [main] i.a.s.a.service.service.UserServiceTest  : Starting UserServiceTest using Java 17.0.1 on kali with PID 52109 (started by alireza in /home/alireza/Documents/workSpace/company/company-limondev/projects/Security Projects/Spring Security Authorization Service)
2022-03-14 17:18:09.180  INFO 52109 --- [main] i.a.s.a.service.service.UserServiceTest  : The following 3 profiles are active: "postgres", "mail", "app"
2022-03-14 17:18:10.941  INFO 52109 --- [main] .s.d.r.c.RepositoryConfigurationDelegate : Bootstrapping Spring Data JPA repositories in DEFAULT mode.
2022-03-14 17:18:11.044  INFO 52109 --- [main] .s.d.r.c.RepositoryConfigurationDelegate : Finished Spring Data repository scanning in 89 ms. Found 4 JPA repository interfaces.
2022-03-14 17:18:11.477  INFO 52109 --- [main] ptablePropertiesBeanFactoryPostProcessor : Post-processing PropertySource instances
2022-03-14 17:18:11.478  INFO 52109 --- [main] c.u.j.EncryptablePropertySourceConverter : Skipping PropertySource configurationProperties [class org.springframework.boot.context.properties.source.ConfigurationPropertySourcesPropertySource
2022-03-14 17:18:11.483  INFO 52109 --- [main] c.u.j.EncryptablePropertySourceConverter : Converting PropertySource test [org.springframework.core.env.MapPropertySource] to EncryptableMapPropertySourceWrapper
2022-03-14 17:18:11.484  INFO 52109 --- [main] c.u.j.EncryptablePropertySourceConverter : Converting PropertySource Inlined Test Properties [org.springframework.core.env.MapPropertySource] to EncryptableMapPropertySourceWrapper
2022-03-14 17:18:11.484  INFO 52109 --- [main] c.u.j.EncryptablePropertySourceConverter : Skipping PropertySource servletConfigInitParams [class org.springframework.core.env.PropertySource$StubPropertySource
2022-03-14 17:18:11.485  INFO 52109 --- [main] c.u.j.EncryptablePropertySourceConverter : Converting PropertySource servletContextInitParams [org.springframework.web.context.support.ServletContextPropertySource] to EncryptableEnumerablePropertySourceWrapper
2022-03-14 17:18:11.485  INFO 52109 --- [main] c.u.j.EncryptablePropertySourceConverter : Converting PropertySource systemProperties [org.springframework.core.env.PropertiesPropertySource] to EncryptableMapPropertySourceWrapper
2022-03-14 17:18:11.485  INFO 52109 --- [main] c.u.j.EncryptablePropertySourceConverter : Converting PropertySource systemEnvironment [org.springframework.boot.env.SystemEnvironmentPropertySourceEnvironmentPostProcessor$OriginAwareSystemEnvironmentPropertySource] to EncryptableSystemEnvironmentPropertySourceWrapper
2022-03-14 17:18:11.486  INFO 52109 --- [main] c.u.j.EncryptablePropertySourceConverter : Converting PropertySource random [org.springframework.boot.env.RandomValuePropertySource] to EncryptablePropertySourceWrapper
2022-03-14 17:18:11.486  INFO 52109 --- [main] c.u.j.EncryptablePropertySourceConverter : Converting PropertySource Config resource 'class path resource [application-app.yml]' via location 'optional:classpath:/' [org.springframework.boot.env.OriginTrackedMapPropertySource] to EncryptableMapPropertySourceWrapper
2022-03-14 17:18:11.486  INFO 52109 --- [main] c.u.j.EncryptablePropertySourceConverter : Converting PropertySource Config resource 'class path resource [application-mail.yml]' via location 'optional:classpath:/' [org.springframework.boot.env.OriginTrackedMapPropertySource] to EncryptableMapPropertySourceWrapper
2022-03-14 17:18:11.486  INFO 52109 --- [main] c.u.j.EncryptablePropertySourceConverter : Converting PropertySource Config resource 'class path resource [application-postgres.yml]' via location 'optional:classpath:/' [org.springframework.boot.env.OriginTrackedMapPropertySource] to EncryptableMapPropertySourceWrapper
2022-03-14 17:18:11.486  INFO 52109 --- [main] c.u.j.EncryptablePropertySourceConverter : Converting PropertySource Config resource 'class path resource [application.yml]' via location 'optional:classpath:/' [org.springframework.boot.env.OriginTrackedMapPropertySource] to EncryptableMapPropertySourceWrapper
2022-03-14 17:18:11.954  INFO 52109 --- [main] c.u.j.filter.DefaultLazyPropertyFilter   : Property Filter custom Bean not found with name 'encryptablePropertyFilter'. Initializing Default Property Filter
2022-03-14 17:18:11.973  INFO 52109 --- [main] c.u.j.r.DefaultLazyPropertyResolver      : Property Resolver custom Bean not found with name 'encryptablePropertyResolver'. Initializing Default Property Resolver
2022-03-14 17:18:11.976  INFO 52109 --- [main] c.u.j.d.DefaultLazyPropertyDetector      : Property Detector custom Bean not found with name 'encryptablePropertyDetector'. Initializing Default Property Detector
2022-03-14 17:18:12.234  INFO 52109 --- [main] o.hibernate.jpa.internal.util.LogHelper  : HHH000204: Processing PersistenceUnitInfo [name: default]
2022-03-14 17:18:12.298  INFO 52109 --- [main] org.hibernate.Version                    : HHH000412: Hibernate ORM core version 5.6.5.Final
2022-03-14 17:18:12.487  INFO 52109 --- [main] o.hibernate.annotations.common.Version   : HCANN000001: Hibernate Commons Annotations {5.1.2.Final}
2022-03-14 17:18:12.593  INFO 52109 --- [main] com.zaxxer.hikari.HikariDataSource       : HikariPool-1 - Starting...
2022-03-14 17:18:13.014  INFO 52109 --- [main] com.zaxxer.hikari.HikariDataSource       : HikariPool-1 - Start completed.
2022-03-14 17:18:13.037  INFO 52109 --- [main] org.hibernate.dialect.Dialect            : HHH000400: Using dialect: org.hibernate.dialect.PostgreSQL9Dialect
2022-03-14 17:18:14.161  INFO 52109 --- [main] o.h.e.t.j.p.i.JtaPlatformInitiator       : HHH000490: Using JtaPlatform implementation: [org.hibernate.engine.transaction.jta.platform.internal.NoJtaPlatform]
2022-03-14 17:18:14.172  INFO 52109 --- [main] j.LocalContainerEntityManagerFactoryBean : Initialized JPA EntityManagerFactory for persistence unit 'default'
2022-03-14 17:18:14.408  INFO 52109 --- [main] c.u.j.encryptor.DefaultLazyEncryptor     : String Encryptor custom Bean not found with name 'jasyptStringEncryptor'. Initializing Default String Encryptor
2022-03-14 17:18:14.422  INFO 52109 --- [main] c.u.j.c.StringEncryptorBuilder           : Encryptor config not found for property jasypt.encryptor.algorithm, using default value: PBEWITHHMACSHA512ANDAES_256
2022-03-14 17:18:14.424  INFO 52109 --- [main] c.u.j.c.StringEncryptorBuilder           : Encryptor config not found for property jasypt.encryptor.key-obtention-iterations, using default value: 1000
2022-03-14 17:18:14.427  INFO 52109 --- [main] c.u.j.c.StringEncryptorBuilder           : Encryptor config not found for property jasypt.encryptor.provider-name, using default value: null
2022-03-14 17:18:14.429  INFO 52109 --- [main] c.u.j.c.StringEncryptorBuilder           : Encryptor config not found for property jasypt.encryptor.provider-class-name, using default value: null
2022-03-14 17:18:14.430  INFO 52109 --- [main] c.u.j.c.StringEncryptorBuilder           : Encryptor config not found for property jasypt.encryptor.salt-generator-classname, using default value: org.jasypt.salt.RandomSaltGenerator
2022-03-14 17:18:14.432  INFO 52109 --- [main] c.u.j.c.StringEncryptorBuilder           : Encryptor config not found for property jasypt.encryptor.iv-generator-classname, using default value: org.jasypt.iv.RandomIvGenerator
2022-03-14 17:18:14.433  INFO 52109 --- [main] c.u.j.c.StringEncryptorBuilder           : Encryptor config not found for property jasypt.encryptor.string-output-type, using default value: base64
2022-03-14 17:18:16.382  INFO 52109 --- [main] o.s.s.web.DefaultSecurityFilterChain     : Will not secure any request
2022-03-14 17:18:17.766  INFO 52109 --- [main] o.s.b.a.e.web.EndpointLinksResolver      : Exposing 1 endpoint(s) beneath base path '/actuator'
2022-03-14 17:18:17.870  INFO 52109 --- [main] i.a.s.a.service.service.UserServiceTest  : Started UserServiceTest in 9.286 seconds (JVM running for 10.634)
2022-03-14 17:18:17.936  INFO 52109 --- [main] s.a.s.i.ApplicationStartupInitializerDev : application startup at Dev mode
2022-03-14 17:18:18.916  INFO 52109 --- [main] .b.t.c.SpringBootTestContextBootstrapper : Neither @ContextConfiguration nor @ContextHierarchy found for test class [ir.alirezaalijani.security.authorization.service.SpringSecurityAuthorizationServiceApplicationTests], using SpringBootContextLoader
2022-03-14 17:18:18.917  INFO 52109 --- [main] o.s.t.c.support.AbstractContextLoader    : Could not detect default resource locations for test class [ir.alirezaalijani.security.authorization.service.SpringSecurityAuthorizationServiceApplicationTests]: no resource found for suffixes {-context.xml, Context.groovy}.
2022-03-14 17:18:18.917  INFO 52109 --- [main] t.c.s.AnnotationConfigContextLoaderUtils : Could not detect default configuration classes for test class [ir.alirezaalijani.security.authorization.service.SpringSecurityAuthorizationServiceApplicationTests]: SpringSecurityAuthorizationServiceApplicationTests does not declare any static, non-private, non-final, nested classes annotated with @Configuration.
2022-03-14 17:18:18.923  INFO 52109 --- [main] .b.t.c.SpringBootTestContextBootstrapper : Found @SpringBootConfiguration ir.alirezaalijani.security.authorization.service.AuthorizationServiceApplication for test class ir.alirezaalijani.security.authorization.service.SpringSecurityAuthorizationServiceApplicationTests
2022-03-14 17:18:18.926  INFO 52109 --- [main] .b.t.c.SpringBootTestContextBootstrapper : Loaded default TestExecutionListener class names from location [META-INF/spring.factories]: [org.springframework.boot.test.mock.mockito.MockitoTestExecutionListener, org.springframework.boot.test.mock.mockito.ResetMocksTestExecutionListener, org.springframework.boot.test.autoconfigure.restdocs.RestDocsTestExecutionListener, org.springframework.boot.test.autoconfigure.web.client.MockRestServiceServerResetTestExecutionListener, org.springframework.boot.test.autoconfigure.web.servlet.MockMvcPrintOnlyOnFailureTestExecutionListener, org.springframework.boot.test.autoconfigure.web.servlet.WebDriverTestExecutionListener, org.springframework.boot.test.autoconfigure.webservices.client.MockWebServiceServerTestExecutionListener, org.springframework.test.context.web.ServletTestExecutionListener, org.springframework.test.context.support.DirtiesContextBeforeModesTestExecutionListener, org.springframework.test.context.event.ApplicationEventsTestExecutionListener, org.springframework.test.context.support.DependencyInjectionTestExecutionListener, org.springframework.test.context.support.DirtiesContextTestExecutionListener, org.springframework.test.context.transaction.TransactionalTestExecutionListener, org.springframework.test.context.jdbc.SqlScriptsTestExecutionListener, org.springframework.test.context.event.EventPublishingTestExecutionListener, org.springframework.security.test.context.support.WithSecurityContextTestExecutionListener, org.springframework.security.test.context.support.ReactorContextTestExecutionListener]
2022-03-14 17:18:18.927  INFO 52109 --- [main] .b.t.c.SpringBootTestContextBootstrapper : Using TestExecutionListeners: [org.springframework.test.context.web.ServletTestExecutionListener@58de1da2, org.springframework.test.context.support.DirtiesContextBeforeModesTestExecutionListener@7294c9fe, org.springframework.test.context.event.ApplicationEventsTestExecutionListener@65e639f2, org.springframework.boot.test.mock.mockito.MockitoTestExecutionListener@54a1a6a8, org.springframework.boot.test.autoconfigure.SpringBootDependencyInjectionTestExecutionListener@7cba8293, org.springframework.test.context.support.DirtiesContextTestExecutionListener@28357fc3, org.springframework.test.context.transaction.TransactionalTestExecutionListener@7c48ea9e, org.springframework.test.context.jdbc.SqlScriptsTestExecutionListener@25058759, org.springframework.test.context.event.EventPublishingTestExecutionListener@d833770, org.springframework.security.test.context.support.WithSecurityContextTestExecutionListener@e4b9a64, org.springframework.security.test.context.support.ReactorContextTestExecutionListener@35ec9d29, org.springframework.boot.test.mock.mockito.ResetMocksTestExecutionListener@3cdafb82, org.springframework.boot.test.autoconfigure.restdocs.RestDocsTestExecutionListener@28f663de, org.springframework.boot.test.autoconfigure.web.client.MockRestServiceServerResetTestExecutionListener@7a3c541e, org.springframework.boot.test.autoconfigure.web.servlet.MockMvcPrintOnlyOnFailureTestExecutionListener@2be89ba5, org.springframework.boot.test.autoconfigure.web.servlet.WebDriverTestExecutionListener@408573b1, org.springframework.boot.test.autoconfigure.webservices.client.MockWebServiceServerTestExecutionListener@5b7600ec]
2022-03-14 17:18:19.019  INFO 52109 --- [SpringApplicationShutdownHook] j.LocalContainerEntityManagerFactoryBean : Closing JPA EntityManagerFactory for persistence unit 'default'
2022-03-14 17:18:19.023  INFO 52109 --- [SpringApplicationShutdownHook] com.zaxxer.hikari.HikariDataSource       : HikariPool-1 - Shutdown initiated...
2022-03-14 17:18:19.053  INFO 52109 --- [SpringApplicationShutdownHook] com.zaxxer.hikari.HikariDataSource       : HikariPool-1 - Shutdown completed.
